<?xml version="1.0" encoding="UTF-8"?>
<!-- Generated by org.testng.reporters.JUnitReportReporter -->
<testsuite hostname="DESKTOP-7FIUI0I" failures="0" tests="2" name="tst.StSelectionTest" time="40.151" errors="0" timestamp="2023-07-18T02:56:06 IST" skipped="0">
  <testcase classname="tst.StSelectionTest" name="sourceandDestinationTest" time="11.418"/>
  <system-out/>
  <testcase classname="tst.StSelectionTest" name="seatselection" time="28.733"/>
  <system-out/>
</testsuite> <!-- tst.StSelectionTest -->
