<?xml version="1.0" encoding="UTF-8"?>
<!-- Generated by org.testng.reporters.JUnitReportReporter -->
<testsuite hostname="DESKTOP-7FIUI0I" failures="0" tests="1" name="tst.SourceandDestinationTest" time="9.254" errors="0" timestamp="2023-07-18T02:43:18 IST" skipped="0">
  <testcase classname="tst.SourceandDestinationTest" name="sourceandDestinationTest" time="9.254"/>
  <system-out/>
</testsuite> <!-- tst.SourceandDestinationTest -->
