<?xml version="1.0" encoding="UTF-8"?>
<!-- Generated by org.testng.reporters.JUnitReportReporter -->
<testsuite hostname="DESKTOP-7FIUI0I" failures="0" tests="1" name="tst.LoginTest" time="3.683" errors="0" timestamp="2023-07-18T02:42:27 IST" skipped="0">
  <testcase classname="tst.LoginTest" name="logintest" time="3.683"/>
  <system-out/>
</testsuite> <!-- tst.LoginTest -->
